1591973678466	mozrunner::runner	INFO	Running command: "C:\\Program Files\\Mozilla Firefox\\firefox.exe" "-marionette" "-foreground" "-no-remote" "-profile" "C:\\Users\\USER\\AppData\\Local\\Temp\\rust_mozprofileoM5u7s"
JavaScript error: resource://gre/modules/XULStore.jsm, line 66: Error: Can't find profile directory.
1591973682869	Marionette	INFO	Listening on port 62180
1591973683185	Marionette	WARN	TLS certificate errors will be ignored for this session
1591973885360	Marionette	INFO	Stopped listening on port 62180

###!!! [Child][RunMessage] Error: Channel closing: too late to send/recv, messages will be lost


###!!! [Child][MessageChannel::SendAndWait] Error: Channel error: cannot send/recv

modules/XULStore.jsm, line 66: Error: Can't find profile directory.
1591973717085	Marionette	INFO	Listening on port 62244
1591973717253	Marionette	WARN	TLS certificate errors will be ignored for this session
1591973885326	Marionette	INFO	Stopped listening on port 62244

###!!! [Child][RunMessage] Error: Channel closing: too late to send/recv, messages will be lost


###!!! [Child][MessageChannel::SendAndWait] Error: Channel error: cannot send/recv

modules/XULStore.jsm, line 66: Error: Can't find profile directory.
1591973824419	Marionette	INFO	Listening on port 62355
1591973824500	Marionette	WARN	TLS certificate errors will be ignored for this session
1591973885664	Marionette	INFO	Stopped listening on port 62355

###!!! [Child][RunMessage] Error: Channel closing: too late to send/recv, messages will be lost


###!!! [Child][MessageChannel::SendAndWait] Error: Channel error: cannot send/recv

1591974112337	mozrunner::runner	INFO	Running command: "C:\\Program Files\\Mozilla Firefox\\firefox.exe" "-marionette" "-foreground" "-no-remote" "-profile" "C:\\Users\\USER\\AppData\\Local\\Temp\\rust_mozprofilen2JuLh"
JavaScript error: resource://gre/modules/XULStore.jsm, line 66: Error: Can't find profile directory.
1591974116022	Marionette	INFO	Listening on port 62567
1591974116458	Marionette	WARN	TLS certificate errors will be ignored for this session
1591974201095	Marionette	INFO	Stopped listening on port 62567

###!!! [Child][RunMessage] Error: Channel closing: too late to send/recv, messages will be lost


###!!! [Child][MessageChannel::SendAndWait] Error: Channel error: cannot send/recv

modules/XULStore.jsm, line 66: Error: Can't find profile directory.
1591974180176	Marionette	INFO	Listening on port 62648
1591974180552	Marionette	WARN	TLS certificate errors will be ignored for this session
1591974201358	Marionette	INFO	Stopped listening on port 62648

###!!! [Child][RunMessage] Error: Channel closing: too late to send/recv, messages will be lost


###!!! [Child][MessageChannel::SendAndWait] Error: Channel error: cannot send/recv

1591974263487	mozrunner::runner	INFO	Running command: "C:\\Program Files\\Mozilla Firefox\\firefox.exe" "-marionette" "-foreground" "-no-remote" "-profile" "C:\\Users\\USER\\AppData\\Local\\Temp\\rust_mozprofileps2ZvQ"
JavaScript error: resource://gre/modules/XULStore.jsm, line 66: Error: Can't find profile directory.
1591974266978	Marionette	INFO	Listening on port 62743
1591974267138	Marionette	WARN	TLS certificate errors will be ignored for this session
1591975039010	Marionette	INFO	Stopped listening on port 62743

###!!! [Child][RunMessage] Error: Channel closing: too late to send/recv, messages will be lost

[Parent 8492, Gecko_IOThread] WARNING: pipe error: 232: file /builds/worker/checkouts/gecko/ipc/chromium/src/chrome/common/ipc_channel_win.cc, line 522
y.
1591974315479	Marionette	INFO	Listening on port 62814
1591974315811	Marionette	WARN	TLS certificate errors will be ignored for this session
1591975021947	Marionette	INFO	Stopped listening on port 62814

###!!! [Child][RunMessage] Error: Channel closing: too late to send/recv, messages will be lost


###!!! [Child][MessageChannel::SendAndWait] Error: Channel error: cannot send/recv

1591975187794	mozrunner::runner	INFO	Running command: "C:\\Program Files\\Mozilla Firefox\\firefox.exe" "-marionette" "-foreground" "-no-remote" "-profile" "C:\\Users\\USER\\AppData\\Local\\Temp\\rust_mozprofilet4O6vD"
JavaScript error: resource://gre/modules/XULStore.jsm, line 66: Error: Can't find profile directory.
1591975192292	Marionette	INFO	Listening on port 63372
1591975192532	Marionette	WARN	TLS certificate errors will be ignored for this session
1591975708556	Marionette	INFO	Stopped listening on port 63372

###!!! [Child][RunMessage] Error: Channel closing: too late to send/recv, messages will be lost


###!!! [Child][MessageChannel::SendAndWait] Error: Channel error: cannot send/recv

modules/XULStore.jsm, line 66: Error: Can't find profile directory.
1591975329927	Marionette	INFO	Listening on port 63439
1591975330080	Marionette	WARN	TLS certificate errors will be ignored for this session
1591975708519	Marionette	INFO	Stopped listening on port 63439

###!!! [Child][RunMessage] Error: Channel closing: too late to send/recv, messages will be lost


###!!! [Child][MessageChannel::SendAndWait] Error: Channel error: cannot send/recv

modules/XULStore.jsm, line 66: Error: Can't find profile directory.
1591975463129	Marionette	INFO	Listening on port 63502
1591975463338	Marionette	WARN	TLS certificate errors will be ignored for this session
1591975708514	Marionette	INFO	Stopped listening on port 63502

###!!! [Child][RunMessage] Error: Channel closing: too late to send/recv, messages will be lost


###!!! [Child][MessageChannel::SendAndWait] Error: Channel error: cannot send/recv

modules/XULStore.jsm, line 66: Error: Can't find profile directory.
1591975616933	Marionette	INFO	Listening on port 63572
1591975617069	Marionette	WARN	TLS certificate errors will be ignored for this session
1591975624840	Marionette	INFO	Stopped listening on port 63572

###!!! [Child][RunMessage] Error: Channel closing: too late to send/recv, messages will be lost

1591977998602	mozrunner::runner	INFO	Running command: "C:\\Program Files\\Mozilla Firefox\\firefox.exe" "-marionette" "-foreground" "-no-remote" "-profile" "C:\\Users\\USER\\AppData\\Local\\Temp\\rust_mozprofileMJa16q"
JavaScript error: resource://gre/modules/XULStore.jsm, line 66: Error: Can't find profile directory.
1591978002825	Marionette	INFO	Listening on port 65075
1591978003327	Marionette	WARN	TLS certificate errors will be ignored for this session
1591978011703	Marionette	INFO	Stopped listening on port 65075

###!!! [Child][RunMessage] Error: Channel closing: too late to send/recv, messages will be lost


###!!! [Child][MessageChannel::SendAndWait] Error: Channel error: cannot send/recv

1591993380233	mozrunner::runner	INFO	Running command: "C:\\Program Files\\Mozilla Firefox\\firefox.exe" "-marionette" "-foreground" "-no-remote" "-profile" "C:\\Users\\USER\\AppData\\Local\\Temp\\rust_mozprofileW0d4Pk"
JavaScript error: resource://gre/modules/XULStore.jsm, line 66: Error: Can't find profile directory.
1591993385783	Marionette	INFO	Listening on port 58460
1591993386014	Marionette	WARN	TLS certificate errors will be ignored for this session
1591994680240	Marionette	INFO	Stopped listening on port 58460
ram Files\\Mozilla Firefox\\firefox.exe" "-marionette" "-foreground" "-no-remote" "-profile" "C:\\Users\\USER\\AppData\\Local\\Temp\\rust_mozprofileDZ82D5"
JavaScript error: resource://gre/modules/XULStore.jsm, line 66: Error: Can't find profile directory.
1591993540948	Marionette	INFO	Listening on port 58596
1591993541235	Marionette	WARN	TLS certificate errors will be ignored for this session
1591993557686	Marionette	INFO	Stopped listening on port 58596

###!!! [Child][RunMessage] Error: Channel closing: too late to send/recv, messages will be lost


###!!! [Child][MessageChannel::SendAndWait] Error: Channel error: cannot send/recv

1591993684924	mozrunner::runner	INFO	Running command: "C:\\Program Files\\Mozilla Firefox\\firefox.exe" "-marionette" "-foreground" "-no-remote" "-profile" "C:\\Users\\USER\\AppData\\Local\\Temp\\rust_mozprofilejrJ4Rd"
JavaScript error: resource://gre/modules/XULStore.jsm, line 66: Error: Can't find profile directory.
1591993689183	Marionette	INFO	Listening on port 58727
1591993689645	Marionette	WARN	TLS certificate errors will be ignored for this session
1591994680406	Marionette	INFO	Stopped listening on port 58727

###!!! [Child][RunMessage] Error: Channel closing: too late to send/recv, messages will be lost


###!!! [Child][MessageChannel::SendAndWait] Error: Channel error: cannot send/recv

modules/XULStore.jsm, line 66: Error: Can't find profile directory.
1591993787417	Marionette	INFO	Listening on port 58834
1591993787580	Marionette	WARN	TLS certificate errors will be ignored for this session
1591993796988	Marionette	INFO	Stopped listening on port 58834

###!!! [Child][RunMessage] Error: Channel closing: too late to send/recv, messages will be lost

[Parent 10032, Gecko_IOThread] WARNING: pipe error: 232: file /builds/worker/checkouts/gecko/ipc/chromium/src/chrome/common/ipc_channel_win.cc, line 522
1591993878792	mozrunner::runner	INFO	Running command: "C:\\Program Files\\Mozilla Firefox\\firefox.exe" "-marionette" "-foreground" "-no-remote" "-profile" "C:\\Users\\USER\\AppData\\Local\\Temp\\rust_mozprofileRM2KYQ"
JavaScript error: resource://gre/modules/XULStore.jsm, line 66: Error: Can't find profile directory.
1591993883422	Marionette	INFO	Listening on port 58933
1591993883535	Marionette	WARN	TLS certificate errors will be ignored for this session
1591994680500	Marionette	INFO	Stopped listening on port 58933

###!!! [Child][RunMessage] Error: Channel closing: too late to send/recv, messages will be lost


###!!! [Child][MessageChannel::SendAndWait] Error: Channel error: cannot send/recv

modules/XULStore.jsm, line 66: Error: Can't find profile directory.
1591993984644	Marionette	INFO	Listening on port 59045
1591993985129	Marionette	WARN	TLS certificate errors will be ignored for this session
1591993993872	Marionette	INFO	Stopped listening on port 59045

###!!! [Child][RunMessage] Error: Channel closing: too late to send/recv, messages will be lost

1591994078707	mozrunner::runner	INFO	Running command: "C:\\Program Files\\Mozilla Firefox\\firefox.exe" "-marionette" "-foreground" "-no-remote" "-profile" "C:\\Users\\USER\\AppData\\Local\\Temp\\rust_mozprofileZiXF7M"
JavaScript error: resource://gre/modules/XULStore.jsm, line 66: Error: Can't find profile directory.
1591994083411	Marionette	INFO	Listening on port 59149
1591994083445	Marionette	WARN	TLS certificate errors will be ignored for this session
1591994680477	Marionette	INFO	Stopped listening on port 59149

###!!! [Child][RunMessage] Error: Channel closing: too late to send/recv, messages will be lost


###!!! [Child][MessageChannel::SendAndWait] Error: Channel error: cannot send/recv

modules/XULStore.jsm, line 66: Error: Can't find profile directory.
1591994222636	Marionette	INFO	Listening on port 59280
1591994222834	Marionette	WARN	TLS certificate errors will be ignored for this session
1591994231707	Marionette	INFO	Stopped listening on port 59280

###!!! [Child][RunMessage] Error: Channel closing: too late to send/recv, messages will be lost


###!!! [Child][RunMessage] Error: Channel closing: too late to send/recv, messages will be lost

[Parent 8096, Gecko_IOThread] WARNING: pipe error: 232: file /builds/worker/checkouts/gecko/ipc/chromium/src/chrome/common/ipc_channel_win.cc, line 522
1591994251321	mozrunner::runner	INFO	Running command: "C:\\Program Files\\Mozilla Firefox\\firefox.exe" "-marionette" "-foreground" "-no-remote" "-profile" "C:\\Users\\USER\\AppData\\Local\\Temp\\rust_mozprofilep9Vb9x"
JavaScript error: resource://gre/modules/XULStore.jsm, line 66: Error: Can't find profile directory.
1591994255814	Marionette	INFO	Listening on port 59346
1591994256070	Marionette	WARN	TLS certificate errors will be ignored for this session
1591994265763	Marionette	INFO	Stopped listening on port 59346

###!!! [Child][RunMessage] Error: Channel closing: too late to send/recv, messages will be lost

[Parent 16568, Gecko_IOThread] WARNING: pipe error: 232: file /builds/worker/checkouts/gecko/ipc/chromium/src/chrome/common/ipc_channel_win.cc, line 522
1591994463517	mozrunner::runner	INFO	Running command: "C:\\Program Files\\Mozilla Firefox\\firefox.exe" "-marionette" "-foreground" "-no-remote" "-profile" "C:\\Users\\USER\\AppData\\Local\\Temp\\rust_mozprofileiFBUwf"
JavaScript error: resource://gre/modules/XULStore.jsm, line 66: Error: Can't find profile directory.
1591994467510	Marionette	INFO	Listening on port 59514
1591994467647	Marionette	WARN	TLS certificate errors will be ignored for this session
1591994478378	Marionette	INFO	Stopped listening on port 59514

###!!! [Child][RunMessage] Error: Channel closing: too late to send/recv, messages will be lost

[Parent 9184, Gecko_IOThread] WARNING: pipe error: 232: file /builds/worker/checkouts/gecko/ipc/chromium/src/chrome/common/ipc_channel_win.cc, line 522
1591994528747	mozrunner::runner	INFO	Running command: "C:\\Program Files\\Mozilla Firefox\\firefox.exe" "-marionette" "-foreground" "-no-remote" "-profile" "C:\\Users\\USER\\AppData\\Local\\Temp\\rust_mozprofilePaxpIX"
JavaScript error: resource://gre/modules/XULStore.jsm, line 66: Error: Can't find profile directory.
1591994532698	Marionette	INFO	Listening on port 59595
1591994532879	Marionette	WARN	TLS certificate errors will be ignored for this session
1591994542487	Marionette	INFO	Stopped listening on port 59595

###!!! [Child][RunMessage] Error: Channel closing: too late to send/recv, messages will be lost

1591994607398	mozrunner::runner	INFO	Running command: "C:\\Program Files\\Mozilla Firefox\\firefox.exe" "-marionette" "-foreground" "-no-remote" "-profile" "C:\\Users\\USER\\AppData\\Local\\Temp\\rust_mozprofilelemyLx"
JavaScript error: resource://gre/modules/XULStore.jsm, line 66: Error: Can't find profile directory.
1591994611380	Marionette	INFO	Listening on port 59689
1591994611576	Marionette	WARN	TLS certificate errors will be ignored for this session
1591994621567	Marionette	INFO	Stopped listening on port 59689

###!!! [Child][RunMessage] Error: Channel closing: too late to send/recv, messages will be lost


###!!! [Child][MessageChannel::SendAndWait] Error: Channel error: cannot send/recv

1591994946995	mozrunner::runner	INFO	Running command: "C:\\Program Files\\Mozilla Firefox\\firefox.exe" "-marionette" "-foreground" "-no-remote" "-profile" "C:\\Users\\USER\\AppData\\Local\\Temp\\rust_mozprofileHE38oA"
JavaScript error: resource://gre/modules/XULStore.jsm, line 66: Error: Can't find profile directory.
1591994951495	Marionette	INFO	Listening on port 59925
1591994951756	Marionette	WARN	TLS certificate errors will be ignored for this session
1591994961244	Marionette	INFO	Stopped listening on port 59925

###!!! [Child][RunMessage] Error: Channel closing: too late to send/recv, messages will be lost


###!!! [Child][MessageChannel::SendAndWait] Error: Channel error: cannot send/recv

1591995017957	mozrunner::runner	INFO	Running command: "C:\\Program Files\\Mozilla Firefox\\firefox.exe" "-marionette" "-foreground" "-no-remote" "-profile" "C:\\Users\\USER\\AppData\\Local\\Temp\\rust_mozprofile6xnlmb"
JavaScript error: resource://gre/modules/XULStore.jsm, line 66: Error: Can't find profile directory.
1591995021982	Marionette	INFO	Listening on port 60009
1591995022091	Marionette	WARN	TLS certificate errors will be ignored for this session
1591995039596	Marionette	INFO	Stopped listening on port 60009

###!!! [Child][RunMessage] Error: Channel closing: too late to send/recv, messages will be lost

[Parent 11176, Gecko_IOThread] WARNING: pipe error: 232: file /builds/worker/checkouts/gecko/ipc/chromium/src/chrome/common/ipc_channel_win.cc, line 522
1591995652505	mozrunner::runner	INFO	Running command: "C:\\Program Files\\Mozilla Firefox\\firefox.exe" "-marionette" "-foreground" "-no-remote" "-profile" "C:\\Users\\USER\\AppData\\Local\\Temp\\rust_mozprofileB22DOI"
JavaScript error: resource://gre/modules/XULStore.jsm, line 66: Error: Can't find profile directory.
1591995656460	Marionette	INFO	Listening on port 60172
1591995656640	Marionette	WARN	TLS certificate errors will be ignored for this session
1591995667809	Marionette	INFO	Stopped listening on port 60172

###!!! [Child][RunMessage] Error: Channel closing: too late to send/recv, messages will be lost


###!!! [Child][MessageChannel::SendAndWait] Error: Channel error: cannot send/recv

1591995835300	mozrunner::runner	INFO	Running command: "C:\\Program Files\\Mozilla Firefox\\firefox.exe" "-marionette" "-foreground" "-no-remote" "-profile" "C:\\Users\\USER\\AppData\\Local\\Temp\\rust_mozprofileNDOXZA"
JavaScript error: resource://gre/modules/XULStore.jsm, line 66: Error: Can't find profile directory.
1591995839378	Marionette	INFO	Listening on port 60238
1591995839516	Marionette	WARN	TLS certificate errors will be ignored for this session
1591996421599	Marionette	INFO	Stopped listening on port 60238

###!!! [Child][RunMessage] Error: Channel closing: too late to send/recv, messages will be lost


###!!! [Child][MessageChannel::SendAndWait] Error: Channel error: cannot send/recv

1591996432933	mozrunner::runner	INFO	Running command: "C:\\Program Files\\Mozilla Firefox\\firefox.exe" "-marionette" "-foreground" "-no-remote" "-profile" "C:\\Users\\USER\\AppData\\Local\\Temp\\rust_mozprofilexMxtKD"
JavaScript error: resource://gre/modules/XULStore.jsm, line 66: Error: Can't find profile directory.
1591996436719	Marionette	INFO	Listening on port 60383
1591996437055	Marionette	WARN	TLS certificate errors will be ignored for this session
1591996665046	Marionette	INFO	Stopped listening on port 60383

###!!! [Child][RunMessage] Error: Channel closing: too late to send/recv, messages will be lost


###!!! [Child][MessageChannel::SendAndWait] Error: Channel error: cannot send/recv

1591997741722	mozrunner::runner	INFO	Running command: "C:\\Program Files\\Mozilla Firefox\\firefox.exe" "-marionette" "-foreground" "-no-remote" "-profile" "C:\\Users\\USER\\AppData\\Local\\Temp\\rust_mozprofilecE1v1N"
JavaScript error: resource://gre/modules/XULStore.jsm, line 66: Error: Can't find profile directory.
1591997745803	Marionette	INFO	Listening on port 60756
1591997745869	Marionette	WARN	TLS certificate errors will be ignored for this session
1591997773859	Marionette	INFO	Stopped listening on port 60756

###!!! [Child][RunMessage] Error: Channel closing: too late to send/recv, messages will be lost

1591997856787	mozrunner::runner	INFO	Running command: "C:\\Program Files\\Mozilla Firefox\\firefox.exe" "-marionette" "-foreground" "-no-remote" "-profile" "C:\\Users\\USER\\AppData\\Local\\Temp\\rust_mozprofiletfGTVG"
JavaScript error: resource://gre/modules/XULStore.jsm, line 66: Error: Can't find profile directory.
1591997860384	Marionette	INFO	Listening on port 60813
1591997860426	Marionette	WARN	TLS certificate errors will be ignored for this session
1591997864582	Marionette	INFO	Stopped listening on port 60813

###!!! [Child][RunMessage] Error: Channel closing: too late to send/recv, messages will be lost


###!!! [Child][MessageChannel::SendAndWait] Error: Channel error: cannot send/recv

1591997940494	mozrunner::runner	INFO	Running command: "C:\\Program Files\\Mozilla Firefox\\firefox.exe" "-marionette" "-foreground" "-no-remote" "-profile" "C:\\Users\\USER\\AppData\\Local\\Temp\\rust_mozprofiletb1ROt"
JavaScript error: resource://gre/modules/XULStore.jsm, line 66: Error: Can't find profile directory.
1591997944150	Marionette	INFO	Listening on port 60865
1591997944646	Marionette	WARN	TLS certificate errors will be ignored for this session
1591997952285	Marionette	INFO	Stopped listening on port 60865

###!!! [Child][RunMessage] Error: Channel closing: too late to send/recv, messages will be lost


###!!! [Child][MessageChannel::SendAndWait] Error: Channel error: cannot send/recv

1591997983302	mozrunner::runner	INFO	Running command: "C:\\Program Files\\Mozilla Firefox\\firefox.exe" "-marionette" "-foreground" "-no-remote" "-profile" "C:\\Users\\USER\\AppData\\Local\\Temp\\rust_mozprofileDeAsml"
JavaScript error: resource://gre/modules/XULStore.jsm, line 66: Error: Can't find profile directory.
1591997987001	Marionette	INFO	Listening on port 60916
1591997987420	Marionette	WARN	TLS certificate errors will be ignored for this session
1591998253625	Marionette	INFO	Stopped listening on port 60916

###!!! [Child][RunMessage] Error: Channel closing: too late to send/recv, messages will be lost


###!!! [Child][MessageChannel::SendAndWait] Error: Channel error: cannot send/recv

